[11Jan2025 00:01:32.937] [Server thread/INFO] [com.teampotato.redirector.Redirector/]: Redirecting net/p3pp3rf1y/sophisticatedbackpacks/common/gui/BackpackContext$ContextType
[11Jan2025 00:02:06.509] [Server thread/INFO] [net.minecraft.server.MinecraftServer/]: Made YermanPC a server operator
[11Jan2025 00:02:14.096] [Server thread/INFO] [com.teampotato.redirector.Redirector/]: Redirecting mezz/jei/common/network/PacketIdClient
[11Jan2025 00:02:24.864] [Server thread/INFO] [com.teampotato.redirector.Redirector/]: Redirecting vazkii/quark/content/mobs/entity/Stoneling$StonelingVariant
[11Jan2025 00:02:30.632] [Server thread/INFO] [net.minecraft.server.MinecraftServer/]: [YermanPC: Gave 1    [Precision Wrench] to YermanPC]
[11Jan2025 00:03:26.937] [Server thread/INFO] [com.teampotato.redirector.Redirector/]: Redirecting ic2/core/inventory/slot/IGhostSlot$GhostType
[11Jan2025 00:04:29.281] [Server thread/INFO] [net.minecraft.server.network.ServerGamePacketListenerImpl/]: YermanPC lost connection: Disconnected
[11Jan2025 00:04:29.281] [Server thread/INFO] [net.minecraft.server.MinecraftServer/]: YermanPC left the game
[11Jan2025 00:04:40.664] [Server thread/INFO] [net.minecraft.server.MinecraftServer/]: Stopping the server
[11Jan2025 00:04:40.711] [Server thread/INFO] [com.teampotato.redirector.Redirector/]: Redirecting ovh/corail/tombstone/helper/SupportStructures
[11Jan2025 00:04:40.713] [Server thread/INFO] [HammerLib/]: Purging cache from 0 HL recipe registries.
[11Jan2025 00:04:40.725] [Server thread/INFO] [net.minecraft.server.MinecraftServer/]: Stopping server
[11Jan2025 00:04:40.727] [Server thread/INFO] [net.minecraft.server.MinecraftServer/]: Saving players
[11Jan2025 00:04:40.727] [Server thread/INFO] [net.minecraft.server.MinecraftServer/]: Saving worlds
[11Jan2025 00:04:40.795] [Server thread/INFO] [net.minecraft.server.MinecraftServer/]: Saving chunks for level 'ServerLevel[world]'/minecraft:overworld
[11Jan2025 00:04:40.909] [Server thread/INFO] [net.minecraft.server.MinecraftServer/]: Saving chunks for level 'ServerLevel[world]'/ulterlands:ulterlands_dimension
[11Jan2025 00:04:40.911] [Server thread/INFO] [net.minecraft.server.MinecraftServer/]: Saving chunks for level 'ServerLevel[world]'/ad_astra:earth_orbit
[11Jan2025 00:04:40.911] [Server thread/INFO] [net.minecraft.server.MinecraftServer/]: Saving chunks for level 'ServerLevel[world]'/ad_astra:venus
[11Jan2025 00:04:40.912] [Server thread/INFO] [net.minecraft.server.MinecraftServer/]: Saving chunks for level 'ServerLevel[world]'/ad_astra:venus_orbit
[11Jan2025 00:04:40.913] [Server thread/INFO] [net.minecraft.server.MinecraftServer/]: Saving chunks for level 'ServerLevel[world]'/ad_astra:mars_orbit
[11Jan2025 00:04:40.915] [Server thread/INFO] [net.minecraft.server.MinecraftServer/]: Saving chunks for level 'ServerLevel[world]'/ad_astra:moon_orbit
[11Jan2025 00:04:40.917] [Server thread/INFO] [net.minecraft.server.MinecraftServer/]: Saving chunks for level 'ServerLevel[world]'/ulterlands:parapax
[11Jan2025 00:04:40.918] [Server thread/INFO] [net.minecraft.server.MinecraftServer/]: Saving chunks for level 'ServerLevel[world]'/ad_astra:mercury_orbit
[11Jan2025 00:04:40.920] [Server thread/INFO] [net.minecraft.server.MinecraftServer/]: Saving chunks for level 'ServerLevel[world]'/minecraft:the_nether
[11Jan2025 00:04:40.921] [Server thread/INFO] [net.minecraft.server.MinecraftServer/]: Saving chunks for level 'ServerLevel[world]'/ad_astra:glacio
[11Jan2025 00:04:40.923] [Server thread/INFO] [net.minecraft.server.MinecraftServer/]: Saving chunks for level 'ServerLevel[world]'/ad_astra:moon
[11Jan2025 00:04:40.925] [Server thread/INFO] [net.minecraft.server.MinecraftServer/]: Saving chunks for level 'ServerLevel[world]'/ad_astra:mercury
[11Jan2025 00:04:40.926] [Server thread/INFO] [net.minecraft.server.MinecraftServer/]: Saving chunks for level 'ServerLevel[world]'/ad_astra:glacio_orbit
[11Jan2025 00:04:40.929] [Server thread/INFO] [net.minecraft.server.MinecraftServer/]: Saving chunks for level 'ServerLevel[world]'/vtubruhlotrmobs:isengard
[11Jan2025 00:04:40.930] [Server thread/INFO] [net.minecraft.server.MinecraftServer/]: Saving chunks for level 'ServerLevel[world]'/ad_astra:mars
[11Jan2025 00:04:40.931] [Server thread/INFO] [net.minecraft.server.MinecraftServer/]: Saving chunks for level 'ServerLevel[world]'/minecraft:the_end
[11Jan2025 00:04:41.099] [Server thread/INFO] [net.minecraft.server.MinecraftServer/]: ThreadedAnvilChunkStorage (world): All chunks are saved
[11Jan2025 00:04:41.099] [Server thread/INFO] [net.minecraft.server.MinecraftServer/]: ThreadedAnvilChunkStorage (ulterlands_dimension): All chunks are saved
[11Jan2025 00:04:41.099] [Server thread/INFO] [net.minecraft.server.MinecraftServer/]: ThreadedAnvilChunkStorage (earth_orbit): All chunks are saved
[11Jan2025 00:04:41.099] [Server thread/INFO] [net.minecraft.server.MinecraftServer/]: ThreadedAnvilChunkStorage (venus): All chunks are saved
[11Jan2025 00:04:41.099] [Server thread/INFO] [net.minecraft.server.MinecraftServer/]: ThreadedAnvilChunkStorage (venus_orbit): All chunks are saved
[11Jan2025 00:04:41.099] [Server thread/INFO] [net.minecraft.server.MinecraftServer/]: ThreadedAnvilChunkStorage (mars_orbit): All chunks are saved
[11Jan2025 00:04:41.099] [Server thread/INFO] [net.minecraft.server.MinecraftServer/]: ThreadedAnvilChunkStorage (moon_orbit): All chunks are saved
[11Jan2025 00:04:41.100] [Server thread/INFO] [net.minecraft.server.MinecraftServer/]: ThreadedAnvilChunkStorage (parapax): All chunks are saved
[11Jan2025 00:04:41.100] [Server thread/INFO] [net.minecraft.server.MinecraftServer/]: ThreadedAnvilChunkStorage (mercury_orbit): All chunks are saved
[11Jan2025 00:04:41.100] [Server thread/INFO] [net.minecraft.server.MinecraftServer/]: ThreadedAnvilChunkStorage (DIM-1): All chunks are saved
[11Jan2025 00:04:41.100] [Server thread/INFO] [net.minecraft.server.MinecraftServer/]: ThreadedAnvilChunkStorage (glacio): All chunks are saved
[11Jan2025 00:04:41.100] [Server thread/INFO] [net.minecraft.server.MinecraftServer/]: ThreadedAnvilChunkStorage (moon): All chunks are saved
[11Jan2025 00:04:41.100] [Server thread/INFO] [net.minecraft.server.MinecraftServer/]: ThreadedAnvilChunkStorage (mercury): All chunks are saved
[11Jan2025 00:04:41.100] [Server thread/INFO] [net.minecraft.server.MinecraftServer/]: ThreadedAnvilChunkStorage (glacio_orbit): All chunks are saved
[11Jan2025 00:04:41.100] [Server thread/INFO] [net.minecraft.server.MinecraftServer/]: ThreadedAnvilChunkStorage (isengard): All chunks are saved
[11Jan2025 00:04:41.100] [Server thread/INFO] [net.minecraft.server.MinecraftServer/]: ThreadedAnvilChunkStorage (mars): All chunks are saved
[11Jan2025 00:04:41.100] [Server thread/INFO] [net.minecraft.server.MinecraftServer/]: ThreadedAnvilChunkStorage (DIM1): All chunks are saved
[11Jan2025 00:04:41.100] [Server thread/INFO] [net.minecraft.server.MinecraftServer/]: ThreadedAnvilChunkStorage: All dimensions are saved
[11Jan2025 00:04:41.121] [Server thread/INFO] [Calio/]: Removing Dynamic Registries for: net.minecraft.server.dedicated.DedicatedServer@1aa6c3af
[11Jan2025 00:04:41.122] [Server thread/INFO] [Framework/]: Unloading server configs...
